<component name="libraryTable">
  <library name="junit-4.10">
    <CLASSES>
      <root url="file://$USER_HOME$/Desktop/6441/junit-4.10.jar" />
    </CLASSES>
    <JAVADOC />
    <SOURCES />
    <jarDirectory url="file://$USER_HOME$/Desktop/6441/junit-4.10.jar" recursive="false" />
  </library>
</component>